2025-06-17 00:02:04,875 [INFO] Activator:176 - 


2025-06-17 00:02:04,895 [INFO] Activator:177 - !SESSION log4j initialized
2025-06-17 00:02:21,019 [INFO] LogOutputStream:77 - [STDOUT_REDIRECT] 
2025-06-17 00:02:29,418 [INFO] ApplicationProperties:184 - Using Application install path: C:\ST\STM32CubeIDE_1.18.1\STM32CubeIDE\plugins\com.st.stm32cube.common.mx_6.14.1.202504091515
2025-06-17 00:02:29,453 [INFO] DbMcusXml:78 - Set database path to: C:\ST\STM32CubeIDE_1.18.1\STM32CubeIDE\plugins\com.st.stm32cube.common.mx_6.14.1.202504091515\\db\/mcu/
2025-06-17 00:02:29,453 [INFO] ApiDb:274 - Set plugin database path to: C:\ST\STM32CubeIDE_1.18.1\STM32CubeIDE\plugins\com.st.stm32cube.common.mx_6.14.1.202504091515\\db\/plugins/boardmanager/
2025-06-17 00:02:29,453 [WARN] ApiDb:259 - Overriding images path with different value:  => C:\ST\STM32CubeIDE_1.18.1\STM32CubeIDE\plugins\com.st.stm32cube.common.mx_6.14.1.202504091515\\db\/plugins/mcufinder/images/
2025-06-17 00:02:29,477 [INFO] ApiDb:250 - Set database path to: C:\Users\gonza\.stmcufinder\plugins\mcufinder//mcu/
2025-06-17 00:02:29,484 [INFO] DbMcusAds:125 - Set database path to: C:\Users\gonza\.stmcufinder\plugins\mcufinder//mcu/
2025-06-17 00:02:29,484 [INFO] CrossReferenceDbSqlite:203 - Set database path to: C:\Users\gonza\.stmcufinder\plugins\mcufinder//mcu/cs/
2025-06-17 00:02:29,781 [INFO] RulesReader:64 - Compatibility file has been processed (302 Rules)
2025-06-17 00:02:30,053 [INFO] DbMcusXml:78 - Set database path to: C:\ST\STM32CubeIDE_1.18.1\STM32CubeIDE\plugins\com.st.stm32cube.common.mx_6.14.1.202504091515\\db\/mcu/
2025-06-17 00:02:30,053 [INFO] ApiDb:274 - Set plugin database path to: C:\ST\STM32CubeIDE_1.18.1\STM32CubeIDE\plugins\com.st.stm32cube.common.mx_6.14.1.202504091515\\db\/plugins/boardmanager/
2025-06-17 00:02:30,053 [INFO] ApiDb:261 - Set plugin images path to: C:\ST\STM32CubeIDE_1.18.1\STM32CubeIDE\plugins\com.st.stm32cube.common.mx_6.14.1.202504091515\\db\/plugins/mcufinder/images/
2025-06-17 00:02:30,053 [WARN] DbFile:41 - Overriding database path with different value: C:\Users\gonza\.stmcufinder\plugins\mcufinder/ => C:\Users\gonza\.stmcufinder\plugins\mcufinder
2025-06-17 00:02:30,055 [INFO] ApiDb:250 - Set database path to: C:\Users\gonza\.stmcufinder\plugins\mcufinder//mcu/
2025-06-17 00:02:30,055 [WARN] DbFile:41 - Overriding database path with different value: C:\Users\gonza\.stmcufinder\plugins\mcufinder/ => C:\Users\gonza\.stmcufinder\plugins\mcufinder
2025-06-17 00:02:30,055 [INFO] DbMcusAds:125 - Set database path to: C:\Users\gonza\.stmcufinder\plugins\mcufinder//mcu/
2025-06-17 00:02:30,055 [WARN] DbFile:41 - Overriding database path with different value: C:\Users\gonza\.stmcufinder\plugins\mcufinder/ => C:\Users\gonza\.stmcufinder\plugins\mcufinder
2025-06-17 00:02:30,055 [WARN] DbFile:41 - Overriding database path with different value: C:\Users\gonza\.stmcufinder\plugins\mcufinder/ => C:\Users\gonza\.stmcufinder\plugins\mcufinder
2025-06-17 00:02:30,058 [INFO] CrossReferenceDbSqlite:203 - Set database path to: C:\Users\gonza\.stmcufinder\plugins\mcufinder//mcu/cs/
2025-06-17 00:02:30,263 [INFO] MainPanel:272 - HeapMemory: 268435456
2025-06-17 00:02:30,533 [INFO] DbMcusXml:78 - Set database path to: C:\ST\STM32CubeIDE_1.18.1\STM32CubeIDE\plugins\com.st.stm32cube.common.mx_6.14.1.202504091515\\db\/mcu/
2025-06-17 00:02:30,533 [INFO] ApiDb:274 - Set plugin database path to: C:\ST\STM32CubeIDE_1.18.1\STM32CubeIDE\plugins\com.st.stm32cube.common.mx_6.14.1.202504091515\\db\/plugins/boardmanager/
2025-06-17 00:02:30,544 [INFO] ApiDb:261 - Set plugin images path to: C:\ST\STM32CubeIDE_1.18.1\STM32CubeIDE\plugins\com.st.stm32cube.common.mx_6.14.1.202504091515\\db\/plugins/mcufinder/images/
2025-06-17 00:02:30,544 [WARN] DbFile:41 - Overriding database path with different value: C:\Users\gonza\.stmcufinder\plugins\mcufinder/ => C:\Users\gonza\.stmcufinder\plugins\mcufinder
2025-06-17 00:02:30,544 [INFO] ApiDb:250 - Set database path to: C:\Users\gonza\.stmcufinder\plugins\mcufinder//mcu/
2025-06-17 00:02:30,544 [WARN] DbFile:41 - Overriding database path with different value: C:\Users\gonza\.stmcufinder\plugins\mcufinder/ => C:\Users\gonza\.stmcufinder\plugins\mcufinder
2025-06-17 00:02:30,544 [INFO] DbMcusAds:125 - Set database path to: C:\Users\gonza\.stmcufinder\plugins\mcufinder//mcu/
2025-06-17 00:02:30,544 [WARN] DbFile:41 - Overriding database path with different value: C:\Users\gonza\.stmcufinder\plugins\mcufinder/ => C:\Users\gonza\.stmcufinder\plugins\mcufinder
2025-06-17 00:02:30,544 [WARN] DbFile:41 - Overriding database path with different value: C:\Users\gonza\.stmcufinder\plugins\mcufinder/ => C:\Users\gonza\.stmcufinder\plugins\mcufinder
2025-06-17 00:02:30,544 [INFO] CrossReferenceDbSqlite:203 - Set database path to: C:\Users\gonza\.stmcufinder\plugins\mcufinder//mcu/cs/
2025-06-17 00:02:30,587 [INFO] ApplicationProperties:184 - Using Application install path: C:\ST\STM32CubeIDE_1.18.1\STM32CubeIDE\plugins\com.st.stm32cube.common.mx_6.14.1.202504091515
2025-06-17 00:02:30,587 [INFO] PluginManage:196 - Search for loadable plugins [exclusion list=, ]
2025-06-17 00:02:30,596 [INFO] PluginManage:310 - Check plugin analytics
2025-06-17 00:02:36,101 [INFO] AnalyticsPlugin:253 - Accepted Software Licenses: STM32CubeMX.6.14.1
2025-06-17 00:02:36,101 [INFO] AnalyticsPlugin:255 - Accepted CMSIS Pack Licenses: 
2025-06-17 00:02:36,101 [INFO] AnalyticsPlugin:257 - Accepted Firmware Licenses: FW.F4.1.28.0
2025-06-17 00:02:36,101 [INFO] PluginManage:359 - Loaded plugin analytics (category:tool,tabindex:-1)
2025-06-17 00:02:36,110 [INFO] PluginManage:310 - Check plugin cadmodel
2025-06-17 00:02:36,116 [INFO] CADModel:105 - Init CAD model plugin
2025-06-17 00:02:36,116 [INFO] PluginManage:359 - Loaded plugin cadmodel (category:power,tabindex:5)
2025-06-17 00:02:36,116 [INFO] PluginManage:310 - Check plugin clock
2025-06-17 00:02:36,151 [INFO] PluginManage:359 - Loaded plugin clock (category:base,tabindex:2)
2025-06-17 00:02:36,151 [INFO] PluginManage:310 - Check plugin ddr
2025-06-17 00:02:36,157 [INFO] PluginManage:359 - Loaded plugin ddr (category:tool,tabindex:6)
2025-06-17 00:02:36,157 [INFO] PluginManage:310 - Check plugin filemanager
2025-06-17 00:02:36,533 [INFO] PluginManage:359 - Loaded plugin filemanager (category:base,tabindex:10)
2025-06-17 00:02:36,533 [INFO] PluginManage:310 - Check plugin ipmanager
2025-06-17 00:02:36,545 [INFO] PluginManage:359 - Loaded plugin ipmanager (category:base,tabindex:5)
2025-06-17 00:02:36,545 [INFO] PluginManage:310 - Check plugin lpbam
2025-06-17 00:02:36,574 [INFO] PluginManage:359 - Loaded plugin lpbam (category:base,tabindex:0)
2025-06-17 00:02:36,574 [INFO] PluginManage:310 - Check plugin memorymap
2025-06-17 00:02:36,606 [INFO] PluginManage:359 - Loaded plugin memorymap (category:base,tabindex:4)
2025-06-17 00:02:36,606 [INFO] PluginManage:310 - Check plugin pinoutandconfiguration
2025-06-17 00:02:36,622 [INFO] PluginManage:359 - Loaded plugin pinoutandconfiguration (category:base,tabindex:1)
2025-06-17 00:02:36,622 [INFO] PluginManage:310 - Check plugin pinoutconfig
2025-06-17 00:02:36,871 [WARN] SupportedApi:132 - Cannot load RTOS API schema: s4s-elt-must-match.1: The content of 'definitions' must match (annotation?, (simpleType | complexType)?, (unique | key | keyref)*)). A problem was found starting at: attribute.
2025-06-17 00:02:37,213 [INFO] PluginManage:359 - Loaded plugin pinoutconfig (category:base,tabindex:0)
2025-06-17 00:02:37,213 [INFO] PluginManage:310 - Check plugin power
2025-06-17 00:02:37,238 [INFO] PluginManage:359 - Loaded plugin power (category:power,tabindex:4)
2025-06-17 00:02:37,242 [INFO] PluginManage:310 - Check plugin projectmanager
2025-06-17 00:02:37,281 [INFO] PluginManage:359 - Loaded plugin projectmanager (category:projectmanager,tabindex:4)
2025-06-17 00:02:37,281 [INFO] PluginManage:310 - Check plugin rif
2025-06-17 00:02:37,308 [INFO] PluginManage:359 - Loaded plugin rif (category:base,tabindex:3)
2025-06-17 00:02:37,308 [INFO] PluginManage:310 - Check plugin thirdparty
2025-06-17 00:02:37,670 [INFO] PluginManage:359 - Loaded plugin thirdparty (category:base,tabindex:-1)
2025-06-17 00:02:37,670 [WARN] IntegrityCheckThread:84 - waiting for thirdparty lock release [integrity check]
2025-06-17 00:02:37,672 [INFO] IntegrityCheckThread:86 - entering critical section [integrity check]
2025-06-17 00:02:37,672 [INFO] PluginManage:310 - Check plugin tools
2025-06-17 00:02:37,672 [INFO] ThirdPartyUpdaterWithRetryManager:70 - Updater plugin not ready yet. [1/15]
2025-06-17 00:02:37,681 [INFO] PluginManage:359 - Loaded plugin tools (category:base,tabindex:7)
2025-06-17 00:02:37,681 [INFO] PluginManage:310 - Check plugin tutovideos
2025-06-17 00:02:38,122 [INFO] PluginManage:359 - Loaded plugin tutovideos (category:base,tabindex:-1)
2025-06-17 00:02:38,122 [INFO] PluginManage:310 - Check plugin updater
2025-06-17 00:02:38,186 [INFO] PluginManage:359 - Loaded plugin updater (category:base,tabindex:12)
2025-06-17 00:02:38,186 [INFO] PluginManage:310 - Check plugin userauth
2025-06-17 00:02:38,198 [INFO] UserAuth:118 - Init User Auth plugin
2025-06-17 00:02:38,200 [INFO] PluginManage:359 - Loaded plugin userauth (category:base,tabindex:14)
2025-06-17 00:02:38,200 [INFO] PluginManage:283 - PluginManage : Loaded plugins [18]
2025-06-17 00:02:38,753 [INFO] PinOutPanel:1589 - setPackage(No Configuration,No Configuration)
2025-06-17 00:02:39,001 [INFO] CADModel:165 - CPN selected for project level
2025-06-17 00:02:39,001 [INFO] CADModel:114 - Register for checkConnection events
2025-06-17 00:02:39,049 [INFO] IPUIPlugin:80 - create IPUIPlugin
2025-06-17 00:02:39,049 [INFO] PluginManager:220 - loadIPPluginJar : add adc
2025-06-17 00:02:39,058 [INFO] IPUIPlugin:80 - create IPUIPlugin
2025-06-17 00:02:39,058 [INFO] PluginManager:220 - loadIPPluginJar : add aes
2025-06-17 00:02:39,065 [INFO] IPUIPlugin:80 - create IPUIPlugin
2025-06-17 00:02:39,065 [INFO] PluginManager:220 - loadIPPluginJar : add can
2025-06-17 00:02:39,071 [INFO] IPUIPlugin:80 - create IPUIPlugin
2025-06-17 00:02:39,071 [INFO] PluginManager:220 - loadIPPluginJar : add comp
2025-06-17 00:02:39,079 [INFO] IPUIPlugin:80 - create IPUIPlugin
2025-06-17 00:02:39,079 [INFO] PluginManager:220 - loadIPPluginJar : add cryp
2025-06-17 00:02:39,087 [INFO] IPUIPlugin:80 - create IPUIPlugin
2025-06-17 00:02:39,087 [INFO] PluginManager:220 - loadIPPluginJar : add ddr_ctrl_phy
2025-06-17 00:02:39,093 [INFO] IPUIPlugin:80 - create IPUIPlugin
2025-06-17 00:02:39,095 [INFO] PluginManager:220 - loadIPPluginJar : add dfsdm
2025-06-17 00:02:39,107 [INFO] IPUIPlugin:80 - create IPUIPlugin
2025-06-17 00:02:39,107 [INFO] PluginManager:220 - loadIPPluginJar : add dma
2025-06-17 00:02:39,112 [INFO] IPUIPlugin:80 - create IPUIPlugin
2025-06-17 00:02:39,112 [INFO] PluginManager:220 - loadIPPluginJar : add dma3
2025-06-17 00:02:39,112 [INFO] IPUIPlugin:80 - create IPUIPlugin
2025-06-17 00:02:39,112 [INFO] PluginManager:220 - loadIPPluginJar : add extmemmanager
2025-06-17 00:02:39,128 [INFO] IPUIPlugin:80 - create IPUIPlugin
2025-06-17 00:02:39,128 [INFO] PluginManager:220 - loadIPPluginJar : add fatfs
2025-06-17 00:02:39,138 [INFO] IPUIPlugin:80 - create IPUIPlugin
2025-06-17 00:02:39,138 [INFO] PluginManager:220 - loadIPPluginJar : add fmc
2025-06-17 00:02:39,159 [INFO] IPUIPlugin:80 - create IPUIPlugin
2025-06-17 00:02:39,162 [INFO] PluginManager:220 - loadIPPluginJar : add freertos
2025-06-17 00:02:39,165 [INFO] IPUIPlugin:80 - create IPUIPlugin
2025-06-17 00:02:39,165 [INFO] PluginManager:220 - loadIPPluginJar : add genericplugin
2025-06-17 00:02:39,172 [INFO] IPUIPlugin:80 - create IPUIPlugin
2025-06-17 00:02:39,172 [INFO] PluginManager:220 - loadIPPluginJar : add gfxmmu
2025-06-17 00:02:39,184 [INFO] IPUIPlugin:80 - create IPUIPlugin
2025-06-17 00:02:39,184 [INFO] PluginManager:220 - loadIPPluginJar : add gic
2025-06-17 00:02:39,193 [INFO] IPUIPlugin:80 - create IPUIPlugin
2025-06-17 00:02:39,193 [INFO] PluginManager:220 - loadIPPluginJar : add gpio
2025-06-17 00:02:39,203 [INFO] IPUIPlugin:80 - create IPUIPlugin
2025-06-17 00:02:39,203 [INFO] PluginManager:220 - loadIPPluginJar : add gtzc
2025-06-17 00:02:39,207 [INFO] IPUIPlugin:80 - create IPUIPlugin
2025-06-17 00:02:39,207 [INFO] PluginManager:220 - loadIPPluginJar : add hash
2025-06-17 00:02:39,218 [INFO] IPUIPlugin:80 - create IPUIPlugin
2025-06-17 00:02:39,218 [INFO] PluginManager:220 - loadIPPluginJar : add i2c
2025-06-17 00:02:39,223 [INFO] IPUIPlugin:80 - create IPUIPlugin
2025-06-17 00:02:39,223 [INFO] PluginManager:220 - loadIPPluginJar : add i2s
2025-06-17 00:02:39,223 [INFO] IPUIPlugin:80 - create IPUIPlugin
2025-06-17 00:02:39,223 [INFO] PluginManager:220 - loadIPPluginJar : add i3c
2025-06-17 00:02:39,243 [INFO] IPUIPlugin:80 - create IPUIPlugin
2025-06-17 00:02:39,243 [INFO] PluginManager:220 - loadIPPluginJar : add ipddr
2025-06-17 00:02:39,261 [INFO] IPUIPlugin:80 - create IPUIPlugin
2025-06-17 00:02:39,261 [INFO] PluginManager:220 - loadIPPluginJar : add linkedlist
2025-06-17 00:02:39,269 [INFO] IPUIPlugin:80 - create IPUIPlugin
2025-06-17 00:02:39,269 [INFO] PluginManager:220 - loadIPPluginJar : add lorawan
2025-06-17 00:02:39,272 [INFO] IPUIPlugin:80 - create IPUIPlugin
2025-06-17 00:02:39,274 [INFO] PluginManager:220 - loadIPPluginJar : add ltdc
2025-06-17 00:02:39,288 [INFO] IPUIPlugin:80 - create IPUIPlugin
2025-06-17 00:02:39,288 [INFO] PluginManager:220 - loadIPPluginJar : add mdma
2025-06-17 00:02:39,297 [INFO] IPUIPlugin:80 - create IPUIPlugin
2025-06-17 00:02:39,297 [INFO] PluginManager:220 - loadIPPluginJar : add nvic
2025-06-17 00:02:39,305 [INFO] IPUIPlugin:80 - create IPUIPlugin
2025-06-17 00:02:39,305 [INFO] PluginManager:220 - loadIPPluginJar : add opamp
2025-06-17 00:02:39,311 [INFO] IPUIPlugin:80 - create IPUIPlugin
2025-06-17 00:02:39,311 [INFO] PluginManager:220 - loadIPPluginJar : add openamp
2025-06-17 00:02:39,317 [INFO] IPUIPlugin:80 - create IPUIPlugin
2025-06-17 00:02:39,325 [INFO] PluginManager:220 - loadIPPluginJar : add pdm2pcm
2025-06-17 00:02:39,341 [INFO] IPUIPlugin:80 - create IPUIPlugin
2025-06-17 00:02:39,348 [INFO] PluginManager:220 - loadIPPluginJar : add plateformsettings
2025-06-17 00:02:39,353 [INFO] IPUIPlugin:80 - create IPUIPlugin
2025-06-17 00:02:39,353 [INFO] PluginManager:220 - loadIPPluginJar : add quadspi
2025-06-17 00:02:39,359 [INFO] IPUIPlugin:80 - create IPUIPlugin
2025-06-17 00:02:39,361 [INFO] PluginManager:220 - loadIPPluginJar : add radio
2025-06-17 00:02:39,370 [INFO] IPUIPlugin:80 - create IPUIPlugin
2025-06-17 00:02:39,370 [INFO] PluginManager:220 - loadIPPluginJar : add resmgrutility
2025-06-17 00:02:39,380 [INFO] IPUIPlugin:80 - create IPUIPlugin
2025-06-17 00:02:39,380 [INFO] PluginManager:220 - loadIPPluginJar : add sai
2025-06-17 00:02:39,386 [INFO] IPUIPlugin:80 - create IPUIPlugin
2025-06-17 00:02:39,386 [INFO] PluginManager:220 - loadIPPluginJar : add spi
2025-06-17 00:02:39,403 [INFO] IPUIPlugin:80 - create IPUIPlugin
2025-06-17 00:02:39,403 [INFO] PluginManager:220 - loadIPPluginJar : add stm32_wpan
2025-06-17 00:02:39,412 [INFO] IPUIPlugin:80 - create IPUIPlugin
2025-06-17 00:02:39,412 [INFO] PluginManager:220 - loadIPPluginJar : add tim
2025-06-17 00:02:39,419 [INFO] IPUIPlugin:80 - create IPUIPlugin
2025-06-17 00:02:39,419 [INFO] PluginManager:220 - loadIPPluginJar : add touchsensing
2025-06-17 00:02:39,424 [INFO] IPUIPlugin:80 - create IPUIPlugin
2025-06-17 00:02:39,427 [INFO] PluginManager:220 - loadIPPluginJar : add tracer_emb
2025-06-17 00:02:39,427 [INFO] IPUIPlugin:80 - create IPUIPlugin
2025-06-17 00:02:39,427 [INFO] PluginManager:220 - loadIPPluginJar : add ts
2025-06-17 00:02:39,437 [INFO] IPUIPlugin:80 - create IPUIPlugin
2025-06-17 00:02:39,437 [INFO] PluginManager:220 - loadIPPluginJar : add tsc
2025-06-17 00:02:39,445 [INFO] IPUIPlugin:80 - create IPUIPlugin
2025-06-17 00:02:39,445 [INFO] PluginManager:220 - loadIPPluginJar : add ucpd
2025-06-17 00:02:39,453 [INFO] IPUIPlugin:80 - create IPUIPlugin
2025-06-17 00:02:39,453 [INFO] PluginManager:220 - loadIPPluginJar : add usart
2025-06-17 00:02:39,458 [INFO] IPUIPlugin:80 - create IPUIPlugin
2025-06-17 00:02:39,458 [INFO] PluginManager:220 - loadIPPluginJar : add usbx
2025-06-17 00:02:39,698 [FATAL] Updater:351 - Updater called before beeing initialized
2025-06-17 00:02:39,799 [INFO] RulesReader:64 - Compatibility file has been processed (302 Rules)
2025-06-17 00:02:39,867 [INFO] RulesReader:64 - Compatibility file has been processed (302 Rules)
2025-06-17 00:02:39,897 [INFO] CADModel:165 - CPN selected for project level
2025-06-17 00:02:39,897 [INFO] CADModel:114 - Register for checkConnection events
2025-06-17 00:02:39,897 [FATAL] Updater:351 - Updater called before beeing initialized
2025-06-17 00:02:39,897 [ERROR] CADModel:125 - Updater not yet initialized, retry later 
2025-06-17 00:02:40,408 [FATAL] Updater:351 - Updater called before beeing initialized
2025-06-17 00:02:40,425 [INFO] CADModel:165 - CPN selected for project level
2025-06-17 00:02:40,425 [INFO] CADModel:114 - Register for checkConnection events
2025-06-17 00:02:40,427 [FATAL] Updater:351 - Updater called before beeing initialized
2025-06-17 00:02:40,427 [ERROR] CADModel:125 - Updater not yet initialized, retry later 
2025-06-17 00:02:40,433 [FATAL] Updater:351 - Updater called before beeing initialized
2025-06-17 00:02:40,680 [INFO] ThirdPartyUpdaterWithRetryManager:70 - Updater plugin not ready yet. [2/15]
2025-06-17 00:02:40,795 [FATAL] Updater:351 - Updater called before beeing initialized
2025-06-17 00:02:40,811 [INFO] DbMcusAds:53 - JSON generation date=Wed May 07 06:07:55 ART 2025 (1746608875484)
2025-06-17 00:02:40,811 [FATAL] Updater:351 - Updater called before beeing initialized
2025-06-17 00:02:40,916 [WARN] DetailPanel:346 - Failed to get advertising image, set to default
2025-06-17 00:02:41,520 [FATAL] Updater:351 - Updater called before beeing initialized
2025-06-17 00:02:41,559 [FATAL] Updater:351 - Updater called before beeing initialized
2025-06-17 00:02:41,559 [FATAL] Updater:351 - Updater called before beeing initialized
2025-06-17 00:02:41,559 [WARN] DetailPanel:346 - Failed to get advertising image, set to default
2025-06-17 00:02:41,559 [FATAL] Updater:351 - Updater called before beeing initialized
2025-06-17 00:02:41,734 [ERROR] Updater:1198 - MainUpdater not yet initialized. External WinMGr cannot be set.
2025-06-17 00:02:41,738 [INFO] Updater:1134 - Updater Version found : 6.14.1
2025-06-17 00:02:41,782 [INFO] ApplicationProperties:184 - Using Application install path: C:\ST\STM32CubeIDE_1.18.1\STM32CubeIDE\plugins\com.st.stm32cube.common.mx_6.14.1.202504091515
2025-06-17 00:02:43,445 [ERROR] LogOutputStream:75 - [STDERR_REDIRECT] Jun 17, 2025 12:02:43 AM java.util.prefs.WindowsPreferences <init>
2025-06-17 00:02:43,445 [ERROR] LogOutputStream:75 - [STDERR_REDIRECT] WARNING: Could not open/create prefs root node Software\JavaSoft\Prefs at root 0xffffffff80000002. Windows RegCreateKeyEx(...) returned error code 5.
2025-06-17 00:02:43,445 [ERROR] LogOutputStream:75 - [STDERR_REDIRECT] 
2025-06-17 00:02:43,692 [FATAL] Updater:351 - Updater called before beeing initialized
2025-06-17 00:02:43,692 [ERROR] IntegrityCheckThread:130 - Cannot retrieve database content from updater: error 21
2025-06-17 00:02:43,692 [INFO] ThirdParty:978 - Integrity check success = false
2025-06-17 00:02:43,692 [INFO] IntegrityCheckThread:100 - exiting critical section [integrity check]
2025-06-17 00:02:43,692 [INFO] IntegrityCheckThread:103 - End integrity checks thread
2025-06-17 00:02:44,199 [INFO] MainUpdater:2872 - connection check result : 10
2025-06-17 00:02:44,209 [INFO] MainUpdater:289 - Updater Check For Update Now.
2025-06-17 00:02:44,209 [INFO] MicroXplorer:498 - Change Database Version : DB.6.0.141
2025-06-17 00:02:44,249 [INFO] McuFinderGlobals:63 - Set McuFinder mode to 2 (CubeIDE integrated)
2025-06-17 00:02:44,251 [INFO] UserAuth:484 - Internet connection configuration mode: 1
2025-06-17 00:02:44,311 [INFO] JxBrowserEngine:152 - Initiate JxBrowser Engine with user profile folder
2025-06-17 00:02:44,579 [INFO] CheckServerUpdateThread:120 - End of CheckServer Thread
2025-06-17 00:02:48,168 [INFO] WebApp:169 - Instantiating new browser for Auth
2025-06-17 00:02:50,254 [INFO] WebApp:463 - Apply proxy settings
2025-06-17 00:02:50,256 [INFO] WebApp:548 - Chromium requires no authentication
2025-06-17 00:02:50,280 [INFO] WebApp:491 - Direct internet connection detected
2025-06-17 00:02:50,366 [INFO] WebApp:894 - Register for checkConnection events
2025-06-17 00:02:50,366 [INFO] WebApp:463 - Apply proxy settings
2025-06-17 00:02:50,366 [INFO] WebApp:548 - Chromium requires no authentication
2025-06-17 00:02:50,369 [INFO] WebApp:491 - Direct internet connection detected
2025-06-17 00:02:50,610 [INFO] WebApp:191 - Connection restablished
2025-06-17 00:02:51,018 [INFO] WebApp:225 - Starting web application
2025-06-17 00:02:51,028 [INFO] WebApp:593 - Web application path used C:\ST\STM32CubeIDE_1.18.1\STM32CubeIDE\plugins\com.st.stm32cube.common.mx_6.14.1.202504091515\db\plugins\mcufinder\reactClient1\index.html
2025-06-17 00:02:51,601 [INFO] UserAuth:484 - Internet connection configuration mode: 1
