2025-06-11 00:45:04,861 [ERROR] LogOutputStream:75 - [STDERR_REDIRECT] 
2025-06-11 09:56:09,818 [INFO] Activator:176 - 


2025-06-11 09:56:09,822 [INFO] Activator:177 - !SESSION log4j initialized
2025-06-11 09:56:22,126 [INFO] LogOutputStream:77 - [STDOUT_REDIRECT] 
2025-06-11 09:56:29,482 [INFO] ApplicationProperties:184 - Using Application install path: C:\ST\STM32CubeIDE_1.18.1\STM32CubeIDE\plugins\com.st.stm32cube.common.mx_6.14.1.202504091515
2025-06-11 09:56:29,522 [INFO] DbMcusXml:78 - Set database path to: C:\ST\STM32CubeIDE_1.18.1\STM32CubeIDE\plugins\com.st.stm32cube.common.mx_6.14.1.202504091515\\db\/mcu/
2025-06-11 09:56:29,522 [INFO] ApiDb:274 - Set plugin database path to: C:\ST\STM32CubeIDE_1.18.1\STM32CubeIDE\plugins\com.st.stm32cube.common.mx_6.14.1.202504091515\\db\/plugins/boardmanager/
2025-06-11 09:56:29,524 [WARN] ApiDb:259 - Overriding images path with different value:  => C:\ST\STM32CubeIDE_1.18.1\STM32CubeIDE\plugins\com.st.stm32cube.common.mx_6.14.1.202504091515\\db\/plugins/mcufinder/images/
2025-06-11 09:56:29,538 [INFO] ApiDb:250 - Set database path to: C:\Users\gonza\.stmcufinder\plugins\mcufinder//mcu/
2025-06-11 09:56:29,542 [INFO] DbMcusAds:125 - Set database path to: C:\Users\gonza\.stmcufinder\plugins\mcufinder//mcu/
2025-06-11 09:56:29,547 [INFO] CrossReferenceDbSqlite:203 - Set database path to: C:\Users\gonza\.stmcufinder\plugins\mcufinder//mcu/cs/
2025-06-11 09:56:29,780 [INFO] RulesReader:64 - Compatibility file has been processed (302 Rules)
2025-06-11 09:56:29,965 [INFO] DbMcusXml:78 - Set database path to: C:\ST\STM32CubeIDE_1.18.1\STM32CubeIDE\plugins\com.st.stm32cube.common.mx_6.14.1.202504091515\\db\/mcu/
2025-06-11 09:56:29,965 [INFO] ApiDb:274 - Set plugin database path to: C:\ST\STM32CubeIDE_1.18.1\STM32CubeIDE\plugins\com.st.stm32cube.common.mx_6.14.1.202504091515\\db\/plugins/boardmanager/
2025-06-11 09:56:29,965 [INFO] ApiDb:261 - Set plugin images path to: C:\ST\STM32CubeIDE_1.18.1\STM32CubeIDE\plugins\com.st.stm32cube.common.mx_6.14.1.202504091515\\db\/plugins/mcufinder/images/
2025-06-11 09:56:29,965 [WARN] DbFile:41 - Overriding database path with different value: C:\Users\gonza\.stmcufinder\plugins\mcufinder/ => C:\Users\gonza\.stmcufinder\plugins\mcufinder
2025-06-11 09:56:29,965 [INFO] ApiDb:250 - Set database path to: C:\Users\gonza\.stmcufinder\plugins\mcufinder//mcu/
2025-06-11 09:56:29,965 [WARN] DbFile:41 - Overriding database path with different value: C:\Users\gonza\.stmcufinder\plugins\mcufinder/ => C:\Users\gonza\.stmcufinder\plugins\mcufinder
2025-06-11 09:56:29,965 [INFO] DbMcusAds:125 - Set database path to: C:\Users\gonza\.stmcufinder\plugins\mcufinder//mcu/
2025-06-11 09:56:29,965 [WARN] DbFile:41 - Overriding database path with different value: C:\Users\gonza\.stmcufinder\plugins\mcufinder/ => C:\Users\gonza\.stmcufinder\plugins\mcufinder
2025-06-11 09:56:29,965 [WARN] DbFile:41 - Overriding database path with different value: C:\Users\gonza\.stmcufinder\plugins\mcufinder/ => C:\Users\gonza\.stmcufinder\plugins\mcufinder
2025-06-11 09:56:29,965 [INFO] CrossReferenceDbSqlite:203 - Set database path to: C:\Users\gonza\.stmcufinder\plugins\mcufinder//mcu/cs/
2025-06-11 09:56:30,122 [INFO] MainPanel:272 - HeapMemory: 268435456
2025-06-11 09:56:30,332 [INFO] DbMcusXml:78 - Set database path to: C:\ST\STM32CubeIDE_1.18.1\STM32CubeIDE\plugins\com.st.stm32cube.common.mx_6.14.1.202504091515\\db\/mcu/
2025-06-11 09:56:30,332 [INFO] ApiDb:274 - Set plugin database path to: C:\ST\STM32CubeIDE_1.18.1\STM32CubeIDE\plugins\com.st.stm32cube.common.mx_6.14.1.202504091515\\db\/plugins/boardmanager/
2025-06-11 09:56:30,332 [INFO] ApiDb:261 - Set plugin images path to: C:\ST\STM32CubeIDE_1.18.1\STM32CubeIDE\plugins\com.st.stm32cube.common.mx_6.14.1.202504091515\\db\/plugins/mcufinder/images/
2025-06-11 09:56:30,332 [WARN] DbFile:41 - Overriding database path with different value: C:\Users\gonza\.stmcufinder\plugins\mcufinder/ => C:\Users\gonza\.stmcufinder\plugins\mcufinder
2025-06-11 09:56:30,332 [INFO] ApiDb:250 - Set database path to: C:\Users\gonza\.stmcufinder\plugins\mcufinder//mcu/
2025-06-11 09:56:30,332 [WARN] DbFile:41 - Overriding database path with different value: C:\Users\gonza\.stmcufinder\plugins\mcufinder/ => C:\Users\gonza\.stmcufinder\plugins\mcufinder
2025-06-11 09:56:30,332 [INFO] DbMcusAds:125 - Set database path to: C:\Users\gonza\.stmcufinder\plugins\mcufinder//mcu/
2025-06-11 09:56:30,332 [WARN] DbFile:41 - Overriding database path with different value: C:\Users\gonza\.stmcufinder\plugins\mcufinder/ => C:\Users\gonza\.stmcufinder\plugins\mcufinder
2025-06-11 09:56:30,332 [WARN] DbFile:41 - Overriding database path with different value: C:\Users\gonza\.stmcufinder\plugins\mcufinder/ => C:\Users\gonza\.stmcufinder\plugins\mcufinder
2025-06-11 09:56:30,332 [INFO] CrossReferenceDbSqlite:203 - Set database path to: C:\Users\gonza\.stmcufinder\plugins\mcufinder//mcu/cs/
2025-06-11 09:56:30,366 [INFO] ApplicationProperties:184 - Using Application install path: C:\ST\STM32CubeIDE_1.18.1\STM32CubeIDE\plugins\com.st.stm32cube.common.mx_6.14.1.202504091515
2025-06-11 09:56:30,368 [INFO] PluginManage:196 - Search for loadable plugins [exclusion list=, ]
2025-06-11 09:56:30,372 [INFO] PluginManage:310 - Check plugin analytics
2025-06-11 09:56:35,744 [INFO] AnalyticsPlugin:253 - Accepted Software Licenses: STM32CubeMX.6.14.1
2025-06-11 09:56:35,744 [INFO] AnalyticsPlugin:255 - Accepted CMSIS Pack Licenses: 
2025-06-11 09:56:35,745 [INFO] AnalyticsPlugin:257 - Accepted Firmware Licenses: FW.F4.1.28.0
2025-06-11 09:56:35,749 [INFO] PluginManage:359 - Loaded plugin analytics (category:tool,tabindex:-1)
2025-06-11 09:56:35,750 [INFO] PluginManage:310 - Check plugin cadmodel
2025-06-11 09:56:35,761 [INFO] CADModel:105 - Init CAD model plugin
2025-06-11 09:56:35,762 [INFO] PluginManage:359 - Loaded plugin cadmodel (category:power,tabindex:5)
2025-06-11 09:56:35,762 [INFO] PluginManage:310 - Check plugin clock
2025-06-11 09:56:35,780 [INFO] PluginManage:359 - Loaded plugin clock (category:base,tabindex:2)
2025-06-11 09:56:35,780 [INFO] PluginManage:310 - Check plugin ddr
2025-06-11 09:56:35,784 [INFO] PluginManage:359 - Loaded plugin ddr (category:tool,tabindex:6)
2025-06-11 09:56:35,784 [INFO] PluginManage:310 - Check plugin filemanager
2025-06-11 09:56:36,065 [INFO] PluginManage:359 - Loaded plugin filemanager (category:base,tabindex:10)
2025-06-11 09:56:36,065 [INFO] PluginManage:310 - Check plugin ipmanager
2025-06-11 09:56:36,077 [INFO] PluginManage:359 - Loaded plugin ipmanager (category:base,tabindex:5)
2025-06-11 09:56:36,077 [INFO] PluginManage:310 - Check plugin lpbam
2025-06-11 09:56:36,095 [INFO] PluginManage:359 - Loaded plugin lpbam (category:base,tabindex:0)
2025-06-11 09:56:36,095 [INFO] PluginManage:310 - Check plugin memorymap
2025-06-11 09:56:36,130 [INFO] PluginManage:359 - Loaded plugin memorymap (category:base,tabindex:4)
2025-06-11 09:56:36,130 [INFO] PluginManage:310 - Check plugin pinoutandconfiguration
2025-06-11 09:56:36,155 [INFO] PluginManage:359 - Loaded plugin pinoutandconfiguration (category:base,tabindex:1)
2025-06-11 09:56:36,155 [INFO] PluginManage:310 - Check plugin pinoutconfig
2025-06-11 09:56:36,358 [WARN] SupportedApi:132 - Cannot load RTOS API schema: s4s-elt-must-match.1: The content of 'definitions' must match (annotation?, (simpleType | complexType)?, (unique | key | keyref)*)). A problem was found starting at: attribute.
2025-06-11 09:56:36,747 [INFO] PluginManage:359 - Loaded plugin pinoutconfig (category:base,tabindex:0)
2025-06-11 09:56:36,747 [INFO] PluginManage:310 - Check plugin power
2025-06-11 09:56:36,774 [INFO] PluginManage:359 - Loaded plugin power (category:power,tabindex:4)
2025-06-11 09:56:36,775 [INFO] PluginManage:310 - Check plugin projectmanager
2025-06-11 09:56:36,808 [INFO] PluginManage:359 - Loaded plugin projectmanager (category:projectmanager,tabindex:4)
2025-06-11 09:56:36,808 [INFO] PluginManage:310 - Check plugin rif
2025-06-11 09:56:36,828 [INFO] PluginManage:359 - Loaded plugin rif (category:base,tabindex:3)
2025-06-11 09:56:36,828 [INFO] PluginManage:310 - Check plugin thirdparty
2025-06-11 09:56:37,150 [INFO] PluginManage:359 - Loaded plugin thirdparty (category:base,tabindex:-1)
2025-06-11 09:56:37,150 [WARN] IntegrityCheckThread:84 - waiting for thirdparty lock release [integrity check]
2025-06-11 09:56:37,151 [INFO] PluginManage:310 - Check plugin tools
2025-06-11 09:56:37,151 [INFO] IntegrityCheckThread:86 - entering critical section [integrity check]
2025-06-11 09:56:37,151 [INFO] ThirdPartyUpdaterWithRetryManager:70 - Updater plugin not ready yet. [1/15]
2025-06-11 09:56:37,158 [INFO] PluginManage:359 - Loaded plugin tools (category:base,tabindex:7)
2025-06-11 09:56:37,158 [INFO] PluginManage:310 - Check plugin tutovideos
2025-06-11 09:56:37,565 [INFO] PluginManage:359 - Loaded plugin tutovideos (category:base,tabindex:-1)
2025-06-11 09:56:37,565 [INFO] PluginManage:310 - Check plugin updater
2025-06-11 09:56:37,615 [INFO] PluginManage:359 - Loaded plugin updater (category:base,tabindex:12)
2025-06-11 09:56:37,615 [INFO] PluginManage:310 - Check plugin userauth
2025-06-11 09:56:37,626 [INFO] UserAuth:118 - Init User Auth plugin
2025-06-11 09:56:37,629 [INFO] PluginManage:359 - Loaded plugin userauth (category:base,tabindex:14)
2025-06-11 09:56:37,630 [INFO] PluginManage:283 - PluginManage : Loaded plugins [18]
2025-06-11 09:56:38,200 [INFO] PinOutPanel:1589 - setPackage(No Configuration,No Configuration)
2025-06-11 09:56:38,408 [INFO] CADModel:165 - CPN selected for project level
2025-06-11 09:56:38,408 [INFO] CADModel:114 - Register for checkConnection events
2025-06-11 09:56:38,445 [INFO] IPUIPlugin:80 - create IPUIPlugin
2025-06-11 09:56:38,446 [INFO] PluginManager:220 - loadIPPluginJar : add adc
2025-06-11 09:56:38,451 [INFO] IPUIPlugin:80 - create IPUIPlugin
2025-06-11 09:56:38,451 [INFO] PluginManager:220 - loadIPPluginJar : add aes
2025-06-11 09:56:38,457 [INFO] IPUIPlugin:80 - create IPUIPlugin
2025-06-11 09:56:38,457 [INFO] PluginManager:220 - loadIPPluginJar : add can
2025-06-11 09:56:38,462 [INFO] IPUIPlugin:80 - create IPUIPlugin
2025-06-11 09:56:38,462 [INFO] PluginManager:220 - loadIPPluginJar : add comp
2025-06-11 09:56:38,469 [INFO] IPUIPlugin:80 - create IPUIPlugin
2025-06-11 09:56:38,470 [INFO] PluginManager:220 - loadIPPluginJar : add cryp
2025-06-11 09:56:38,478 [INFO] IPUIPlugin:80 - create IPUIPlugin
2025-06-11 09:56:38,478 [INFO] PluginManager:220 - loadIPPluginJar : add ddr_ctrl_phy
2025-06-11 09:56:38,484 [INFO] IPUIPlugin:80 - create IPUIPlugin
2025-06-11 09:56:38,485 [INFO] PluginManager:220 - loadIPPluginJar : add dfsdm
2025-06-11 09:56:38,499 [INFO] IPUIPlugin:80 - create IPUIPlugin
2025-06-11 09:56:38,499 [INFO] PluginManager:220 - loadIPPluginJar : add dma
2025-06-11 09:56:38,506 [INFO] IPUIPlugin:80 - create IPUIPlugin
2025-06-11 09:56:38,507 [INFO] PluginManager:220 - loadIPPluginJar : add dma3
2025-06-11 09:56:38,512 [INFO] IPUIPlugin:80 - create IPUIPlugin
2025-06-11 09:56:38,512 [INFO] PluginManager:220 - loadIPPluginJar : add extmemmanager
2025-06-11 09:56:38,516 [INFO] IPUIPlugin:80 - create IPUIPlugin
2025-06-11 09:56:38,516 [INFO] PluginManager:220 - loadIPPluginJar : add fatfs
2025-06-11 09:56:38,527 [INFO] IPUIPlugin:80 - create IPUIPlugin
2025-06-11 09:56:38,527 [INFO] PluginManager:220 - loadIPPluginJar : add fmc
2025-06-11 09:56:38,539 [INFO] IPUIPlugin:80 - create IPUIPlugin
2025-06-11 09:56:38,541 [INFO] PluginManager:220 - loadIPPluginJar : add freertos
2025-06-11 09:56:38,544 [INFO] IPUIPlugin:80 - create IPUIPlugin
2025-06-11 09:56:38,544 [INFO] PluginManager:220 - loadIPPluginJar : add genericplugin
2025-06-11 09:56:38,550 [INFO] IPUIPlugin:80 - create IPUIPlugin
2025-06-11 09:56:38,550 [INFO] PluginManager:220 - loadIPPluginJar : add gfxmmu
2025-06-11 09:56:38,562 [INFO] IPUIPlugin:80 - create IPUIPlugin
2025-06-11 09:56:38,563 [INFO] PluginManager:220 - loadIPPluginJar : add gic
2025-06-11 09:56:38,574 [INFO] IPUIPlugin:80 - create IPUIPlugin
2025-06-11 09:56:38,574 [INFO] PluginManager:220 - loadIPPluginJar : add gpio
2025-06-11 09:56:38,584 [INFO] IPUIPlugin:80 - create IPUIPlugin
2025-06-11 09:56:38,584 [INFO] PluginManager:220 - loadIPPluginJar : add gtzc
2025-06-11 09:56:38,589 [INFO] IPUIPlugin:80 - create IPUIPlugin
2025-06-11 09:56:38,589 [INFO] PluginManager:220 - loadIPPluginJar : add hash
2025-06-11 09:56:38,595 [INFO] IPUIPlugin:80 - create IPUIPlugin
2025-06-11 09:56:38,596 [INFO] PluginManager:220 - loadIPPluginJar : add i2c
2025-06-11 09:56:38,602 [INFO] IPUIPlugin:80 - create IPUIPlugin
2025-06-11 09:56:38,602 [INFO] PluginManager:220 - loadIPPluginJar : add i2s
2025-06-11 09:56:38,608 [INFO] IPUIPlugin:80 - create IPUIPlugin
2025-06-11 09:56:38,608 [INFO] PluginManager:220 - loadIPPluginJar : add i3c
2025-06-11 09:56:38,613 [INFO] IPUIPlugin:80 - create IPUIPlugin
2025-06-11 09:56:38,614 [INFO] PluginManager:220 - loadIPPluginJar : add ipddr
2025-06-11 09:56:38,625 [INFO] IPUIPlugin:80 - create IPUIPlugin
2025-06-11 09:56:38,625 [INFO] PluginManager:220 - loadIPPluginJar : add linkedlist
2025-06-11 09:56:38,631 [INFO] IPUIPlugin:80 - create IPUIPlugin
2025-06-11 09:56:38,631 [INFO] PluginManager:220 - loadIPPluginJar : add lorawan
2025-06-11 09:56:38,633 [INFO] IPUIPlugin:80 - create IPUIPlugin
2025-06-11 09:56:38,634 [INFO] PluginManager:220 - loadIPPluginJar : add ltdc
2025-06-11 09:56:38,644 [INFO] IPUIPlugin:80 - create IPUIPlugin
2025-06-11 09:56:38,644 [INFO] PluginManager:220 - loadIPPluginJar : add mdma
2025-06-11 09:56:38,650 [INFO] IPUIPlugin:80 - create IPUIPlugin
2025-06-11 09:56:38,650 [INFO] PluginManager:220 - loadIPPluginJar : add nvic
2025-06-11 09:56:38,655 [INFO] IPUIPlugin:80 - create IPUIPlugin
2025-06-11 09:56:38,655 [INFO] PluginManager:220 - loadIPPluginJar : add opamp
2025-06-11 09:56:38,662 [INFO] IPUIPlugin:80 - create IPUIPlugin
2025-06-11 09:56:38,663 [INFO] PluginManager:220 - loadIPPluginJar : add openamp
2025-06-11 09:56:38,669 [INFO] IPUIPlugin:80 - create IPUIPlugin
2025-06-11 09:56:38,669 [INFO] PluginManager:220 - loadIPPluginJar : add pdm2pcm
2025-06-11 09:56:38,678 [INFO] IPUIPlugin:80 - create IPUIPlugin
2025-06-11 09:56:38,681 [INFO] PluginManager:220 - loadIPPluginJar : add plateformsettings
2025-06-11 09:56:38,685 [INFO] IPUIPlugin:80 - create IPUIPlugin
2025-06-11 09:56:38,685 [INFO] PluginManager:220 - loadIPPluginJar : add quadspi
2025-06-11 09:56:38,688 [INFO] IPUIPlugin:80 - create IPUIPlugin
2025-06-11 09:56:38,689 [INFO] PluginManager:220 - loadIPPluginJar : add radio
2025-06-11 09:56:38,698 [INFO] IPUIPlugin:80 - create IPUIPlugin
2025-06-11 09:56:38,698 [INFO] PluginManager:220 - loadIPPluginJar : add resmgrutility
2025-06-11 09:56:38,703 [INFO] IPUIPlugin:80 - create IPUIPlugin
2025-06-11 09:56:38,703 [INFO] PluginManager:220 - loadIPPluginJar : add sai
2025-06-11 09:56:38,708 [INFO] IPUIPlugin:80 - create IPUIPlugin
2025-06-11 09:56:38,708 [INFO] PluginManager:220 - loadIPPluginJar : add spi
2025-06-11 09:56:38,717 [INFO] IPUIPlugin:80 - create IPUIPlugin
2025-06-11 09:56:38,718 [INFO] PluginManager:220 - loadIPPluginJar : add stm32_wpan
2025-06-11 09:56:38,722 [INFO] IPUIPlugin:80 - create IPUIPlugin
2025-06-11 09:56:38,722 [INFO] PluginManager:220 - loadIPPluginJar : add tim
2025-06-11 09:56:38,729 [INFO] IPUIPlugin:80 - create IPUIPlugin
2025-06-11 09:56:38,729 [INFO] PluginManager:220 - loadIPPluginJar : add touchsensing
2025-06-11 09:56:38,732 [INFO] IPUIPlugin:80 - create IPUIPlugin
2025-06-11 09:56:38,732 [INFO] PluginManager:220 - loadIPPluginJar : add tracer_emb
2025-06-11 09:56:38,735 [INFO] IPUIPlugin:80 - create IPUIPlugin
2025-06-11 09:56:38,736 [INFO] PluginManager:220 - loadIPPluginJar : add ts
2025-06-11 09:56:38,739 [INFO] IPUIPlugin:80 - create IPUIPlugin
2025-06-11 09:56:38,739 [INFO] PluginManager:220 - loadIPPluginJar : add tsc
2025-06-11 09:56:38,742 [INFO] IPUIPlugin:80 - create IPUIPlugin
2025-06-11 09:56:38,742 [INFO] PluginManager:220 - loadIPPluginJar : add ucpd
2025-06-11 09:56:38,747 [INFO] IPUIPlugin:80 - create IPUIPlugin
2025-06-11 09:56:38,747 [INFO] PluginManager:220 - loadIPPluginJar : add usart
2025-06-11 09:56:38,753 [INFO] IPUIPlugin:80 - create IPUIPlugin
2025-06-11 09:56:38,753 [INFO] PluginManager:220 - loadIPPluginJar : add usbx
2025-06-11 09:56:38,944 [FATAL] Updater:351 - Updater called before beeing initialized
2025-06-11 09:56:39,040 [INFO] RulesReader:64 - Compatibility file has been processed (302 Rules)
2025-06-11 09:56:39,083 [INFO] RulesReader:64 - Compatibility file has been processed (302 Rules)
2025-06-11 09:56:39,154 [INFO] CADModel:165 - CPN selected for project level
2025-06-11 09:56:39,155 [INFO] CADModel:114 - Register for checkConnection events
2025-06-11 09:56:39,156 [FATAL] Updater:351 - Updater called before beeing initialized
2025-06-11 09:56:39,156 [ERROR] CADModel:125 - Updater not yet initialized, retry later 
2025-06-11 09:56:39,615 [FATAL] Updater:351 - Updater called before beeing initialized
2025-06-11 09:56:39,619 [INFO] CADModel:165 - CPN selected for project level
2025-06-11 09:56:39,619 [INFO] CADModel:114 - Register for checkConnection events
2025-06-11 09:56:39,619 [FATAL] Updater:351 - Updater called before beeing initialized
2025-06-11 09:56:39,619 [ERROR] CADModel:125 - Updater not yet initialized, retry later 
2025-06-11 09:56:39,629 [FATAL] Updater:351 - Updater called before beeing initialized
2025-06-11 09:56:39,846 [FATAL] Updater:351 - Updater called before beeing initialized
2025-06-11 09:56:39,854 [INFO] DbMcusAds:53 - JSON generation date=Wed May 07 06:07:55 ART 2025 (1746608875484)
2025-06-11 09:56:39,855 [FATAL] Updater:351 - Updater called before beeing initialized
2025-06-11 09:56:39,920 [WARN] DetailPanel:346 - Failed to get advertising image, set to default
2025-06-11 09:56:40,154 [INFO] ThirdPartyUpdaterWithRetryManager:70 - Updater plugin not ready yet. [2/15]
2025-06-11 09:56:40,376 [FATAL] Updater:351 - Updater called before beeing initialized
2025-06-11 09:56:40,401 [FATAL] Updater:351 - Updater called before beeing initialized
2025-06-11 09:56:40,401 [FATAL] Updater:351 - Updater called before beeing initialized
2025-06-11 09:56:40,401 [WARN] DetailPanel:346 - Failed to get advertising image, set to default
2025-06-11 09:56:40,405 [FATAL] Updater:351 - Updater called before beeing initialized
2025-06-11 09:56:40,550 [ERROR] Updater:1198 - MainUpdater not yet initialized. External WinMGr cannot be set.
2025-06-11 09:56:40,557 [INFO] Updater:1134 - Updater Version found : 6.14.1
2025-06-11 09:56:40,609 [INFO] ApplicationProperties:184 - Using Application install path: C:\ST\STM32CubeIDE_1.18.1\STM32CubeIDE\plugins\com.st.stm32cube.common.mx_6.14.1.202504091515
2025-06-11 09:56:42,217 [ERROR] LogOutputStream:75 - [STDERR_REDIRECT] Jun 11, 2025 9:56:42 AM java.util.prefs.WindowsPreferences <init>
2025-06-11 09:56:42,223 [ERROR] LogOutputStream:75 - [STDERR_REDIRECT] WARNING: Could not open/create prefs root node Software\JavaSoft\Prefs at root 0xffffffff80000002. Windows RegCreateKeyEx(...) returned error code 5.
2025-06-11 09:56:42,224 [ERROR] LogOutputStream:75 - [STDERR_REDIRECT] 
2025-06-11 09:56:43,049 [INFO] MainUpdater:2872 - connection check result : 10
2025-06-11 09:56:43,049 [INFO] MainUpdater:289 - Updater Check For Update Now.
2025-06-11 09:56:43,050 [INFO] MicroXplorer:498 - Change Database Version : DB.6.0.141
2025-06-11 09:56:43,062 [INFO] McuFinderGlobals:63 - Set McuFinder mode to 2 (CubeIDE integrated)
2025-06-11 09:56:43,066 [INFO] UserAuth:484 - Internet connection configuration mode: 1
2025-06-11 09:56:43,146 [INFO] JxBrowserEngine:152 - Initiate JxBrowser Engine with user profile folder
2025-06-11 09:56:43,159 [WARN] MainUpdater:1193 - Updater busy. Cannot search thirdparties
2025-06-11 09:56:43,160 [INFO] ThirdPartyUpdaterWithRetryManager:96 - Updater plugin is busy. [1/15]
2025-06-11 09:56:43,426 [INFO] CheckServerUpdateThread:120 - End of CheckServer Thread
2025-06-11 09:56:45,522 [INFO] WebApp:169 - Instantiating new browser for Auth
2025-06-11 09:56:46,773 [WARN] PackLoader:240 - Cannot read IP mode file for STMicroelectronics.FP-SNS-MOTENVWB1.1.4.0
2025-06-11 09:56:46,802 [WARN] PackLoader:240 - Cannot read IP mode file for STMicroelectronics.FP-ATR-ASTRA1.2.0.2
2025-06-11 09:56:46,833 [WARN] PackLoader:240 - Cannot read IP mode file for STMicroelectronics.X-CUBE-SMBUS.2.1.0
2025-06-11 09:56:46,849 [WARN] PackLoader:240 - Cannot read IP mode file for STMicroelectronics.X-CUBE-ST60.1.0.0
2025-06-11 09:56:47,168 [WARN] PackLoader:240 - Cannot read IP mode file for STMicroelectronics.X-CUBE-AZRTOS-F7.1.1.0
2025-06-11 09:56:47,274 [WARN] PackLoader:240 - Cannot read IP mode file for Infineon.AIROC-Wi-Fi-Bluetooth-STM32.1.7.0
2025-06-11 09:56:47,366 [WARN] PackLoader:240 - Cannot read IP mode file for STMicroelectronics.X-CUBE-DISPLAY.3.0.0
2025-06-11 09:56:47,403 [INFO] WebApp:463 - Apply proxy settings
2025-06-11 09:56:47,404 [INFO] WebApp:548 - Chromium requires no authentication
2025-06-11 09:56:47,448 [WARN] PackLoader:240 - Cannot read IP mode file for STMicroelectronics.X-CUBE-NFC10.1.0.0
2025-06-11 09:56:47,449 [INFO] WebApp:491 - Direct internet connection detected
2025-06-11 09:56:47,501 [WARN] PackLoader:240 - Cannot read IP mode file for STMicroelectronics.X-CUBE-BLEMGR.4.0.0
2025-06-11 09:56:47,544 [WARN] PackLoader:240 - Cannot read IP mode file for emotas.I-CUBE-CANOPEN.1.3.0
2025-06-11 09:56:47,559 [INFO] WebApp:894 - Register for checkConnection events
2025-06-11 09:56:47,559 [INFO] WebApp:463 - Apply proxy settings
2025-06-11 09:56:47,559 [INFO] WebApp:548 - Chromium requires no authentication
2025-06-11 09:56:47,560 [WARN] ConditionMgr:438 - getConditionDescription Invalid condition id : Cortex-A Device cause : null
2025-06-11 09:56:47,565 [INFO] WebApp:491 - Direct internet connection detected
2025-06-11 09:56:47,603 [WARN] ConditionMgr:1044 - genDependencies : Invalid condition id : Cortex-A Device cause : null
2025-06-11 09:56:47,604 [WARN] ConditionMgr:1044 - genDependencies : Invalid condition id : Cortex-A Device cause : null
2025-06-11 09:56:47,604 [WARN] ConditionMgr:1044 - genDependencies : Invalid condition id : Cortex-A Device cause : null
2025-06-11 09:56:47,619 [WARN] PackLoader:240 - Cannot read IP mode file for STMicroelectronics.X-CUBE-AI.10.0.0
2025-06-11 09:56:47,644 [WARN] PackLoader:240 - Cannot read IP mode file for STMicroelectronics.FP-SNS-SMARTAG2.1.2.0
2025-06-11 09:56:47,660 [WARN] PackLoader:240 - Cannot read IP mode file for STMicroelectronics.FP-SNS-FLIGHT1.5.1.0
2025-06-11 09:56:47,691 [INFO] LogOutputStream:77 - [STDOUT_REDIRECT] 1 : Invalid condition id : UX_CORESTACK_Condition cause : null
2025-06-11 09:56:47,692 [INFO] LogOutputStream:77 - [STDOUT_REDIRECT] 1 : Invalid condition id : UX_CORESTACK_Condition cause : null
2025-06-11 09:56:47,695 [INFO] LogOutputStream:77 - [STDOUT_REDIRECT] 1 : Invalid condition id : UX_CORESTACK_Condition cause : null
2025-06-11 09:56:47,700 [INFO] LogOutputStream:77 - [STDOUT_REDIRECT] 1 : Invalid condition id : UX_CORESTACK_Condition cause : null
2025-06-11 09:56:47,707 [INFO] LogOutputStream:77 - [STDOUT_REDIRECT] 1 : Invalid condition id : UX_CORESTACK_Condition cause : null
2025-06-11 09:56:47,715 [WARN] PackLoader:240 - Cannot read IP mode file for STMicroelectronics.X-CUBE-AZRTOS-WL.2.0.0
2025-06-11 09:56:47,737 [WARN] PackLoader:240 - Cannot read IP mode file for STMicroelectronics.FP-SNS-MOTENV1.5.0.0
2025-06-11 09:56:47,759 [WARN] PackLoader:240 - Cannot read IP mode file for WES.I-CUBE-Cesium.1.3.0
2025-06-11 09:56:47,776 [WARN] PackLoader:240 - Cannot read IP mode file for STMicroelectronics.X-CUBE-BLE2.3.3.0
2025-06-11 09:56:47,804 [WARN] PackLoader:240 - Cannot read IP mode file for STMicroelectronics.X-CUBE-NFC9.1.0.0
2025-06-11 09:56:47,849 [WARN] PackLoader:240 - Cannot read IP mode file for STMicroelectronics.X-CUBE-BLE1.7.1.0
2025-06-11 09:56:47,867 [WARN] PackLoader:240 - Cannot read IP mode file for wolfSSL.I-CUBE-wolfMQTT.1.19.2
2025-06-11 09:56:47,879 [WARN] PackLoader:240 - Cannot read IP mode file for STMicroelectronics.X-CUBE-AI.10.1.0
2025-06-11 09:56:48,051 [INFO] WebApp:191 - Connection restablished
2025-06-11 09:56:48,128 [WARN] PackLoader:240 - Cannot read IP mode file for STMicroelectronics.X-CUBE-MEMS1.11.2.0
2025-06-11 09:56:48,833 [INFO] WebApp:225 - Starting web application
2025-06-11 09:56:48,834 [INFO] WebApp:593 - Web application path used C:\ST\STM32CubeIDE_1.18.1\STM32CubeIDE\plugins\com.st.stm32cube.common.mx_6.14.1.202504091515\db\plugins\mcufinder\reactClient1\index.html
2025-06-11 09:56:49,045 [WARN] PackLoader:240 - Cannot read IP mode file for STMicroelectronics.X-CUBE-AZRTOS-G0.1.1.0
2025-06-11 09:56:49,118 [WARN] PackLoader:240 - Cannot read IP mode file for STMicroelectronics.X-CUBE-SAFEA1.1.2.2
2025-06-11 09:56:49,150 [WARN] PackLoader:240 - Cannot read IP mode file for STMicroelectronics.X-CUBE-NFC4.3.0.0
2025-06-11 09:56:49,215 [WARN] PackLoader:240 - Cannot read IP mode file for EmbeddedOffice.I-CUBE-FS-RTOS.1.0.1
2025-06-11 09:56:49,230 [WARN] PackLoader:240 - Cannot read IP mode file for STMicroelectronics.X-CUBE-WB05N.2.0.0
2025-06-11 09:56:49,241 [WARN] PackLoader:240 - Cannot read IP mode file for wolfSSL.I-CUBE-wolfTPM.3.8.0
2025-06-11 09:56:49,252 [WARN] PackLoader:240 - Cannot read IP mode file for STMicroelectronics.X-CUBE-TCPP.4.2.0
2025-06-11 09:56:49,273 [WARN] PackLoader:240 - Cannot read IP mode file for RealThread.X-CUBE-RT-Thread_Nano.4.1.1
2025-06-11 09:56:49,292 [WARN] PackLoader:240 - Cannot read IP mode file for STMicroelectronics.FP-ATR-SIGFOX1.3.2.0
2025-06-11 09:56:49,311 [WARN] PackLoader:240 - Cannot read IP mode file for STMicroelectronics.X-CUBE-EEPRMA1.5.1.0
2025-06-11 09:56:49,327 [WARN] PackLoader:240 - Cannot read IP mode file for wolfSSL.I-CUBE-wolfSSL.5.7.6
2025-06-11 09:56:49,344 [WARN] PackLoader:240 - Cannot read IP mode file for ITTIA_DB.I-CUBE-ITTIADB.8.9.0
2025-06-11 09:56:49,357 [WARN] PackLoader:240 - Cannot read IP mode file for STMicroelectronics.X-CUBE-ST67W61.1.0.0
2025-06-11 09:56:49,465 [WARN] PackLoader:240 - Cannot read IP mode file for SEGGER.I-CUBE-embOS.1.3.1
2025-06-11 09:56:49,560 [WARN] PackLoader:240 - Cannot read IP mode file for STMicroelectronics.X-CUBE-ALGOBUILD.1.4.0
2025-06-11 09:56:49,565 [INFO] UserAuth:484 - Internet connection configuration mode: 1
2025-06-11 09:56:49,744 [WARN] PackLoader:240 - Cannot read IP mode file for STMicroelectronics.X-CUBE-MEMS1.11.3.0
2025-06-11 09:56:50,292 [WARN] PackLoader:240 - Cannot read IP mode file for STMicroelectronics.X-CUBE-AZRTOS-F4.1.1.0
2025-06-11 09:56:50,307 [WARN] PackLoader:240 - Cannot read IP mode file for Avnet-IotConnect.X-CUBE-IoTC-DA16k-PMOD.1.0.0
2025-06-11 09:56:50,317 [WARN] PackLoader:240 - Cannot read IP mode file for STMicroelectronics.X-CUBE-ISPU.2.1.0
2025-06-11 09:56:50,347 [WARN] PackLoader:240 - Cannot read IP mode file for STMicroelectronics.X-CUBE-AZRTOS-L5.2.0.0
2025-06-11 09:56:50,368 [WARN] PackLoader:240 - Cannot read IP mode file for STMicroelectronics.X-CUBE-NFC6.3.1.0
2025-06-11 09:56:50,383 [WARN] PackLoader:240 - Cannot read IP mode file for STMicroelectronics.X-CUBE-FREERTOS.1.3.1
2025-06-11 09:56:50,394 [WARN] PackLoader:240 - Cannot read IP mode file for STMicroelectronics.X-CUBE-FREERTOS.1.3.0
2025-06-11 09:56:50,409 [WARN] PackLoader:240 - Cannot read IP mode file for STMicroelectronics.X-CUBE-NFC7.1.0.1
2025-06-11 09:56:50,422 [WARN] PackLoader:240 - Cannot read IP mode file for STMicroelectronics.X-CUBE-DPower.1.3.0
2025-06-11 09:56:50,462 [WARN] ConditionMgr:438 - getConditionDescription Invalid condition id : LAN8742 Phy interface Condition cause : null
2025-06-11 09:56:50,463 [WARN] PackLoader:240 - Cannot read IP mode file for STMicroelectronics.X-CUBE-AZRTOS-L4.2.0.0
2025-06-11 09:56:50,466 [WARN] ConditionMgr:1044 - genDependencies : Invalid condition id : LAN8742 Phy interface Condition cause : null
2025-06-11 09:56:50,466 [WARN] ConditionMgr:1044 - genDependencies : Invalid condition id : LAN8742 Phy interface Condition cause : null
2025-06-11 09:56:50,467 [WARN] ConditionMgr:1044 - genDependencies : Invalid condition id : LAN8742 Phy interface Condition cause : null
2025-06-11 09:56:50,483 [WARN] PackLoader:240 - Cannot read IP mode file for STMicroelectronics.X-CUBE-SFXS2LP1.4.0.0
2025-06-11 09:56:50,529 [WARN] PackLoader:240 - Cannot read IP mode file for STMicroelectronics.X-CUBE-AZRTOS-H7.3.3.0
2025-06-11 09:56:50,564 [WARN] ConditionMgr:438 - getConditionDescription Invalid condition id : UX DEVICE CLASS RTOS Condition cause : null
2025-06-11 09:56:50,565 [WARN] ConditionMgr:438 - getConditionDescription Invalid condition id : UX DEVICE CLASS RTOS Condition cause : null
2025-06-11 09:56:50,573 [WARN] PackLoader:240 - Cannot read IP mode file for STMicroelectronics.X-CUBE-AZRTOS-WB.2.0.0
2025-06-11 09:56:50,574 [WARN] ConditionMgr:1044 - genDependencies : Invalid condition id : UX DEVICE CLASS RTOS Condition cause : null
2025-06-11 09:56:50,574 [WARN] ConditionMgr:1044 - genDependencies : Invalid condition id : UX DEVICE CLASS RTOS Condition cause : null
2025-06-11 09:56:50,575 [WARN] ConditionMgr:1044 - genDependencies : Invalid condition id : UX DEVICE CLASS RTOS Condition cause : null
2025-06-11 09:56:50,576 [WARN] ConditionMgr:1044 - genDependencies : Invalid condition id : UX DEVICE CLASS RTOS Condition cause : null
2025-06-11 09:56:50,576 [WARN] ConditionMgr:1044 - genDependencies : Invalid condition id : UX DEVICE CLASS RTOS Condition cause : null
2025-06-11 09:56:50,594 [WARN] PackLoader:240 - Cannot read IP mode file for STMicroelectronics.X-CUBE-GNSS1.7.0.1
2025-06-11 09:56:50,607 [WARN] PackLoader:240 - Cannot read IP mode file for STMicroelectronics.X-CUBE-TOUCHGFX.4.25.0
2025-06-11 09:56:50,643 [WARN] PackLoader:240 - Cannot read IP mode file for STMicroelectronics.FP-SNS-STBOX1.2.0.0
2025-06-11 09:56:50,709 [WARN] PackLoader:240 - Cannot read IP mode file for STMicroelectronics.X-CUBE-SUBG2.5.0.0
2025-06-11 09:56:50,763 [WARN] PackLoader:240 - Cannot read IP mode file for STMicroelectronics.X-CUBE-AZRTOS-H7RS.1.1.0
2025-06-11 09:56:50,779 [WARN] PackLoader:240 - Cannot read IP mode file for Cesanta.I-CUBE-Mongoose.7.13.0
2025-06-11 09:56:50,818 [WARN] PackLoader:240 - Cannot read IP mode file for STMicroelectronics.X-CUBE-AZRTOS-G4.2.0.0
2025-06-11 09:56:50,884 [WARN] PackLoader:240 - Cannot read IP mode file for wolfSSL.I-CUBE-wolfSSH.1.4.20
2025-06-11 09:56:50,894 [WARN] PackLoader:240 - Cannot read IP mode file for STMicroelectronics.X-CUBE-NFC7.2.0.0
2025-06-11 09:56:50,948 [WARN] PackLoader:240 - Cannot read IP mode file for STMicroelectronics.X-CUBE-IPS.3.1.0
2025-06-11 09:56:50,972 [WARN] PackLoader:240 - Cannot read IP mode file for STMicroelectronics.X-CUBE-ALS.1.0.2
2025-06-11 09:56:50,984 [WARN] PackLoader:240 - Cannot read IP mode file for portGmbH.I-Cube-SoM-uGOAL.1.1.0
2025-06-11 09:56:51,000 [WARN] PackLoader:240 - Cannot read IP mode file for STMicroelectronics.X-CUBE-TOF1.3.4.3
2025-06-11 09:56:51,024 [INFO] ThirdParty:978 - Integrity check success = true
2025-06-11 09:56:51,024 [INFO] IntegrityCheckThread:100 - exiting critical section [integrity check]
2025-06-11 09:56:51,024 [INFO] IntegrityCheckThread:103 - End integrity checks thread
2025-06-11 23:20:19,668 [ERROR] LogOutputStream:75 - [STDERR_REDIRECT] 
